Using pre-set license
Built from '2020.3/staging' branch; Version is '2020.3.4f1 (0abb6314276a) revision 703331'; Using compiler version '192528614'; Build Type 'Release'
OS: 'Windows 10 Home Single Language; OS build 19042.1288; Version 2009; 64bit' Language: 'tr' Physical Memory: 16253 MB
BatchMode: 1, IsHumanControllingUs: 0, StartBugReporterOnCrash: 0, Is64bit: 1, IsPro: 0

 COMMAND LINE ARGUMENTS:
C:\Program Files\Unity\Hub\Editor\2020.3.4f1\Editor\Unity.exe
-adb2
-batchMode
-noUpm
-name
AssetImportWorker0
-projectPath
C:/Users/cansa/Desktop/yenibastan3
-logFile
Logs/AssetImportWorker0.log
-srvPort
50727
Successfully changed project path to: C:/Users/cansa/Desktop/yenibastan3
C:/Users/cansa/Desktop/yenibastan3
Using Asset Import Pipeline V2.
Refreshing native plugins compatible for Editor in 25.63 ms, found 0 plugins.
Preloading 0 native plugins for Editor in 0.00 ms.
Initialize engine version: 2020.3.4f1 (0abb6314276a)
[Subsystems] Discovering subsystems at path C:/Program Files/Unity/Hub/Editor/2020.3.4f1/Editor/Data/Resources/UnitySubsystems
[Subsystems] Discovering subsystems at path C:/Users/cansa/Desktop/yenibastan3/Assets
GfxDevice: creating device client; threaded=0
Direct3D:
    Version:  Direct3D 11.0 [level 11.1]
    Renderer: NVIDIA GeForce RTX 2060 (ID=0x1f15)
    Vendor:   
    VRAM:     5980 MB
    Driver:   27.21.14.5749
Initialize mono
Mono path[0] = 'C:/Program Files/Unity/Hub/Editor/2020.3.4f1/Editor/Data/Managed'
Mono path[1] = 'C:/Program Files/Unity/Hub/Editor/2020.3.4f1/Editor/Data/MonoBleedingEdge/lib/mono/unityjit'
Mono config path = 'C:/Program Files/Unity/Hub/Editor/2020.3.4f1/Editor/Data/MonoBleedingEdge/etc'
Using monoOptions --debugger-agent=transport=dt_socket,embedding=1,server=y,suspend=n,address=127.0.0.1:56804
Begin MonoManager ReloadAssembly
Registering precompiled unity dll's ...
Register platform support module: C:/Program Files/Unity/Hub/Editor/2020.3.4f1/Editor/Data/PlaybackEngines/WebGLSupport/UnityEditor.WebGL.Extensions.dll
Register platform support module: C:/Program Files/Unity/Hub/Editor/2020.3.4f1/Editor/Data/PlaybackEngines/WindowsStandaloneSupport/UnityEditor.WindowsStandalone.Extensions.dll
Registered in 0.001967 seconds.
Native extension for WindowsStandalone target not found
Native extension for WebGL target not found
Refreshing native plugins compatible for Editor in 27.02 ms, found 0 plugins.
Preloading 0 native plugins for Editor in 0.00 ms.
Mono: successfully reloaded assembly
- Completed reload, in  0.904 seconds
Platform modules already initialized, skipping
Registering precompiled user dll's ...
Registered in 0.000628 seconds.
Begin MonoManager ReloadAssembly
Native extension for WindowsStandalone target not found
Native extension for WebGL target not found
Refreshing native plugins compatible for Editor in 0.26 ms, found 0 plugins.
Preloading 0 native plugins for Editor in 0.00 ms.
Mono: successfully reloaded assembly
- Completed reload, in  0.699 seconds
Platform modules already initialized, skipping
========================================================================
Worker process is ready to serve import requests
Launched and connected shader compiler UnityShaderCompiler.exe after 0.03 seconds
Refreshing native plugins compatible for Editor in 0.25 ms, found 0 plugins.
Preloading 0 native plugins for Editor in 0.00 ms.
Unloading 1479 Unused Serialized files (Serialized files now loaded: 0)
System memory in use before: 72.4 MB.
System memory in use after: 72.4 MB.

Unloading 10 unused Assets to reduce memory usage. Loaded Objects now: 1923.
Total: 2.391200 ms (FindLiveObjects: 0.216700 ms CreateObjectMapping: 0.066000 ms MarkObjects: 2.001700 ms  DeleteObjects: 0.105300 ms)

========================================================================
Received Import Request.
  path: Assets/Resources/New Material 1.mat
  artifactKey: Guid(3ed59b09e975192429b82be18258b552) Importer(815301076,1909f56bfc062723c751e8b465ee728b)
Start importing Assets/Resources/New Material 1.mat using Guid(3ed59b09e975192429b82be18258b552) Importer(815301076,1909f56bfc062723c751e8b465ee728b)  -> (artifact id: 'ae24b7ef6600d7fd8eb5963b62050236') in 0.093966 seconds
  Import took 0.098294 seconds .

========================================================================
Received Prepare
Registering precompiled user dll's ...
Registered in 0.000676 seconds.
Begin MonoManager ReloadAssembly
Native extension for WindowsStandalone target not found
Native extension for WebGL target not found
Refreshing native plugins compatible for Editor in 0.27 ms, found 0 plugins.
Preloading 0 native plugins for Editor in 0.00 ms.
Mono: successfully reloaded assembly
- Completed reload, in  0.703 seconds
Platform modules already initialized, skipping
Refreshing native plugins compatible for Editor in 0.25 ms, found 0 plugins.
Preloading 0 native plugins for Editor in 0.00 ms.
Unloading 1451 Unused Serialized files (Serialized files now loaded: 0)
System memory in use before: 73.4 MB.
System memory in use after: 73.4 MB.

Unloading 5 unused Assets to reduce memory usage. Loaded Objects now: 1966.
Total: 2.708000 ms (FindLiveObjects: 0.271200 ms CreateObjectMapping: 0.087400 ms MarkObjects: 2.278700 ms  DeleteObjects: 0.069100 ms)

========================================================================
Received Import Request.
  Time since last request: 62.251024 seconds.
  path: Assets/Resources/WallPrefab.prefab
  artifactKey: Guid(c074702d77b746e44a393a1c9fc39efd) Importer(815301076,1909f56bfc062723c751e8b465ee728b)
Start importing Assets/Resources/WallPrefab.prefab using Guid(c074702d77b746e44a393a1c9fc39efd) Importer(815301076,1909f56bfc062723c751e8b465ee728b)  -> (artifact id: 'a04df0690937337d8c14f256bd9476c2') in 0.031319 seconds
  Import took 0.035210 seconds .

========================================================================
Received Import Request.
  Time since last request: 0.135464 seconds.
  path: Assets/Resources/WallPrefab.prefab
  artifactKey: Guid(c074702d77b746e44a393a1c9fc39efd) Importer(815301076,1909f56bfc062723c751e8b465ee728b)
Start importing Assets/Resources/WallPrefab.prefab using Guid(c074702d77b746e44a393a1c9fc39efd) Importer(815301076,1909f56bfc062723c751e8b465ee728b)  -> (artifact id: 'a04df0690937337d8c14f256bd9476c2') in 0.005495 seconds
  Import took 0.007905 seconds .

========================================================================
Received Prepare
Registering precompiled user dll's ...
Registered in 0.000652 seconds.
Begin MonoManager ReloadAssembly
Native extension for WindowsStandalone target not found
Native extension for WebGL target not found
Refreshing native plugins compatible for Editor in 0.25 ms, found 0 plugins.
Preloading 0 native plugins for Editor in 0.00 ms.
Mono: successfully reloaded assembly
- Completed reload, in  0.687 seconds
Platform modules already initialized, skipping
Refreshing native plugins compatible for Editor in 0.27 ms, found 0 plugins.
Preloading 0 native plugins for Editor in 0.00 ms.
Unloading 1451 Unused Serialized files (Serialized files now loaded: 0)
System memory in use before: 73.5 MB.
System memory in use after: 73.5 MB.

Unloading 5 unused Assets to reduce memory usage. Loaded Objects now: 1969.
Total: 2.522900 ms (FindLiveObjects: 0.169300 ms CreateObjectMapping: 0.033400 ms MarkObjects: 2.248800 ms  DeleteObjects: 0.070100 ms)

========================================================================
Received Import Request.
  Time since last request: 66.084577 seconds.
  path: Assets/Resources/Wall_Kapili.prefab
  artifactKey: Guid(a7b2874c9da68854180dfc9f47456b55) Importer(815301076,1909f56bfc062723c751e8b465ee728b)
Start importing Assets/Resources/Wall_Kapili.prefab using Guid(a7b2874c9da68854180dfc9f47456b55) Importer(815301076,1909f56bfc062723c751e8b465ee728b)  -> (artifact id: 'ce1870cb96b07c051c1d3187ff5ce93c') in 0.037485 seconds
  Import took 0.040169 seconds .

========================================================================
Received Import Request.
  Time since last request: 3.742693 seconds.
  path: Assets/Resources/Wall_Kapili.prefab
  artifactKey: Guid(a7b2874c9da68854180dfc9f47456b55) Importer(815301076,1909f56bfc062723c751e8b465ee728b)
Start importing Assets/Resources/Wall_Kapili.prefab using Guid(a7b2874c9da68854180dfc9f47456b55) Importer(815301076,1909f56bfc062723c751e8b465ee728b)  -> (artifact id: 'cfe8d7de624df33a4e606ca16e94159c') in 0.004187 seconds
  Import took 0.007384 seconds .

========================================================================
Received Import Request.
  Time since last request: 3.428645 seconds.
  path: Assets/Resources/Wall_Kapili.prefab
  artifactKey: Guid(a7b2874c9da68854180dfc9f47456b55) Importer(815301076,1909f56bfc062723c751e8b465ee728b)
Start importing Assets/Resources/Wall_Kapili.prefab using Guid(a7b2874c9da68854180dfc9f47456b55) Importer(815301076,1909f56bfc062723c751e8b465ee728b)  -> (artifact id: '8e5922277ebc0ef478e95571a1832103') in 0.005855 seconds
  Import took 0.009166 seconds .

========================================================================
Received Import Request.
  Time since last request: 201.791047 seconds.
  path: Assets/Resources/Wall_Kapili.prefab
  artifactKey: Guid(a7b2874c9da68854180dfc9f47456b55) Importer(815301076,1909f56bfc062723c751e8b465ee728b)
Start importing Assets/Resources/Wall_Kapili.prefab using Guid(a7b2874c9da68854180dfc9f47456b55) Importer(815301076,1909f56bfc062723c751e8b465ee728b)  -> (artifact id: 'd90498303a49e913e4f07091dd742c22') in 0.006008 seconds
  Import took 0.008938 seconds .

========================================================================
Received Import Request.
  Time since last request: 4.028980 seconds.
  path: Assets/Resources/Wall_Kapili.prefab
  artifactKey: Guid(a7b2874c9da68854180dfc9f47456b55) Importer(815301076,1909f56bfc062723c751e8b465ee728b)
Start importing Assets/Resources/Wall_Kapili.prefab using Guid(a7b2874c9da68854180dfc9f47456b55) Importer(815301076,1909f56bfc062723c751e8b465ee728b)  -> (artifact id: '661d22509132ef02819dddbbb1c8c361') in 0.006072 seconds
  Import took 0.008733 seconds .

========================================================================
Received Import Request.
  Time since last request: 300.953964 seconds.
  path: Assets/Resources/New Game Object.prefab
  artifactKey: Guid(0c7f729ea1b25c44d8a9e080fc80906e) Importer(815301076,1909f56bfc062723c751e8b465ee728b)
Start importing Assets/Resources/New Game Object.prefab using Guid(0c7f729ea1b25c44d8a9e080fc80906e) Importer(815301076,1909f56bfc062723c751e8b465ee728b)  -> (artifact id: 'd3374210dac135731956e80fe905d4e0') in 0.012092 seconds
  Import took 0.015251 seconds .

========================================================================
Received Import Request.
  Time since last request: 10.858911 seconds.
  path: Assets/Resources/Wall_Kapili.prefab
  artifactKey: Guid(0c7f729ea1b25c44d8a9e080fc80906e) Importer(815301076,1909f56bfc062723c751e8b465ee728b)
Start importing Assets/Resources/Wall_Kapili.prefab using Guid(0c7f729ea1b25c44d8a9e080fc80906e) Importer(815301076,1909f56bfc062723c751e8b465ee728b)  -> (artifact id: 'e34246635eb5fc6be177b3188fef1a59') in 0.004091 seconds
  Import took 0.006576 seconds .

========================================================================
Received Prepare
Registering precompiled user dll's ...
Registered in 0.000999 seconds.
Begin MonoManager ReloadAssembly
Native extension for WindowsStandalone target not found
Native extension for WebGL target not found
Refreshing native plugins compatible for Editor in 0.26 ms, found 0 plugins.
Preloading 0 native plugins for Editor in 0.00 ms.
Mono: successfully reloaded assembly
- Completed reload, in  0.671 seconds
Platform modules already initialized, skipping
Refreshing native plugins compatible for Editor in 0.26 ms, found 0 plugins.
Preloading 0 native plugins for Editor in 0.00 ms.
Unloading 1451 Unused Serialized files (Serialized files now loaded: 0)
System memory in use before: 73.5 MB.
System memory in use after: 73.6 MB.

Unloading 5 unused Assets to reduce memory usage. Loaded Objects now: 1972.
Total: 2.525500 ms (FindLiveObjects: 0.248300 ms CreateObjectMapping: 0.032500 ms MarkObjects: 2.167900 ms  DeleteObjects: 0.073700 ms)

========================================================================
Received Import Request.
  Time since last request: 90.222640 seconds.
  path: Assets/Resources/Wall_Kapili.prefab
  artifactKey: Guid(0c7f729ea1b25c44d8a9e080fc80906e) Importer(815301076,1909f56bfc062723c751e8b465ee728b)
Start importing Assets/Resources/Wall_Kapili.prefab using Guid(0c7f729ea1b25c44d8a9e080fc80906e) Importer(815301076,1909f56bfc062723c751e8b465ee728b)  -> (artifact id: 'ac3aafe2d3c49b6299fbfa541fc1aff6') in 0.030613 seconds
  Import took 0.033159 seconds .

========================================================================
Received Prepare
Registering precompiled user dll's ...
Registered in 0.000763 seconds.
Begin MonoManager ReloadAssembly
Native extension for WindowsStandalone target not found
Native extension for WebGL target not found
Refreshing native plugins compatible for Editor in 0.26 ms, found 0 plugins.
Preloading 0 native plugins for Editor in 0.00 ms.
Mono: successfully reloaded assembly
- Completed reload, in  0.661 seconds
Platform modules already initialized, skipping
Refreshing native plugins compatible for Editor in 0.25 ms, found 0 plugins.
Preloading 0 native plugins for Editor in 0.00 ms.
Unloading 1451 Unused Serialized files (Serialized files now loaded: 0)
System memory in use before: 73.5 MB.
System memory in use after: 73.6 MB.

Unloading 5 unused Assets to reduce memory usage. Loaded Objects now: 1975.
Total: 1.925800 ms (FindLiveObjects: 0.224500 ms CreateObjectMapping: 0.043900 ms MarkObjects: 1.546300 ms  DeleteObjects: 0.109700 ms)

========================================================================
Received Import Request.
  Time since last request: 9.962402 seconds.
  path: Assets/Resources/Wall_Kapili.prefab
  artifactKey: Guid(0c7f729ea1b25c44d8a9e080fc80906e) Importer(815301076,1909f56bfc062723c751e8b465ee728b)
Start importing Assets/Resources/Wall_Kapili.prefab using Guid(0c7f729ea1b25c44d8a9e080fc80906e) Importer(815301076,1909f56bfc062723c751e8b465ee728b)  -> (artifact id: 'ebecc4aec61ef0e4bd27daf2cabaa8c6') in 0.029944 seconds
  Import took 0.033206 seconds .

========================================================================
Received Import Request.
  Time since last request: 2.579108 seconds.
  path: Assets/Resources/Wall_Kapili.prefab
  artifactKey: Guid(0c7f729ea1b25c44d8a9e080fc80906e) Importer(815301076,1909f56bfc062723c751e8b465ee728b)
Start importing Assets/Resources/Wall_Kapili.prefab using Guid(0c7f729ea1b25c44d8a9e080fc80906e) Importer(815301076,1909f56bfc062723c751e8b465ee728b)  -> (artifact id: '1c37653ea7f5b99ddf51ffcfeed360ff') in 0.004437 seconds
  Import took 0.006859 seconds .

========================================================================
Received Prepare
Registering precompiled user dll's ...
Registered in 0.000651 seconds.
Begin MonoManager ReloadAssembly
Native extension for WindowsStandalone target not found
Native extension for WebGL target not found
Refreshing native plugins compatible for Editor in 0.26 ms, found 0 plugins.
Preloading 0 native plugins for Editor in 0.00 ms.
Mono: successfully reloaded assembly
- Completed reload, in  0.691 seconds
Platform modules already initialized, skipping
Refreshing native plugins compatible for Editor in 0.28 ms, found 0 plugins.
Preloading 0 native plugins for Editor in 0.00 ms.
Unloading 1451 Unused Serialized files (Serialized files now loaded: 0)
System memory in use before: 73.5 MB.
System memory in use after: 73.6 MB.

Unloading 5 unused Assets to reduce memory usage. Loaded Objects now: 1978.
Total: 2.353900 ms (FindLiveObjects: 0.317400 ms CreateObjectMapping: 0.090000 ms MarkObjects: 1.872300 ms  DeleteObjects: 0.072600 ms)

========================================================================
Received Prepare
Registering precompiled user dll's ...
Registered in 0.000669 seconds.
Begin MonoManager ReloadAssembly
Native extension for WindowsStandalone target not found
Native extension for WebGL target not found
Refreshing native plugins compatible for Editor in 0.28 ms, found 0 plugins.
Preloading 0 native plugins for Editor in 0.00 ms.
Mono: successfully reloaded assembly
- Completed reload, in  0.668 seconds
Platform modules already initialized, skipping
Refreshing native plugins compatible for Editor in 0.25 ms, found 0 plugins.
Preloading 0 native plugins for Editor in 0.00 ms.
Unloading 1451 Unused Serialized files (Serialized files now loaded: 0)
System memory in use before: 73.5 MB.
System memory in use after: 73.6 MB.

Unloading 5 unused Assets to reduce memory usage. Loaded Objects now: 1981.
Total: 1.839500 ms (FindLiveObjects: 0.221400 ms CreateObjectMapping: 0.062900 ms MarkObjects: 1.469900 ms  DeleteObjects: 0.084000 ms)

========================================================================
Received Import Request.
  Time since last request: 115.033147 seconds.
  path: Assets/Resources/Wall_Kapili.prefab
  artifactKey: Guid(0c7f729ea1b25c44d8a9e080fc80906e) Importer(815301076,1909f56bfc062723c751e8b465ee728b)
Start importing Assets/Resources/Wall_Kapili.prefab using Guid(0c7f729ea1b25c44d8a9e080fc80906e) Importer(815301076,1909f56bfc062723c751e8b465ee728b)  -> (artifact id: '17294f30a0906fdf643fc069cf57deb1') in 0.029047 seconds
  Import took 0.031612 seconds .

========================================================================
Received Prepare
Registering precompiled user dll's ...
Registered in 0.000620 seconds.
Begin MonoManager ReloadAssembly
Native extension for WindowsStandalone target not found
Native extension for WebGL target not found
Refreshing native plugins compatible for Editor in 0.26 ms, found 0 plugins.
Preloading 0 native plugins for Editor in 0.00 ms.
Mono: successfully reloaded assembly
- Completed reload, in  0.662 seconds
Platform modules already initialized, skipping
Refreshing native plugins compatible for Editor in 0.25 ms, found 0 plugins.
Preloading 0 native plugins for Editor in 0.00 ms.
Unloading 1451 Unused Serialized files (Serialized files now loaded: 0)
System memory in use before: 73.5 MB.
System memory in use after: 73.6 MB.

Unloading 5 unused Assets to reduce memory usage. Loaded Objects now: 1984.
Total: 1.728000 ms (FindLiveObjects: 0.222000 ms CreateObjectMapping: 0.062300 ms MarkObjects: 1.365300 ms  DeleteObjects: 0.076700 ms)

========================================================================
Received Prepare
Registering precompiled user dll's ...
Registered in 0.000641 seconds.
Begin MonoManager ReloadAssembly
Native extension for WindowsStandalone target not found
Native extension for WebGL target not found
Refreshing native plugins compatible for Editor in 0.26 ms, found 0 plugins.
Preloading 0 native plugins for Editor in 0.00 ms.
Mono: successfully reloaded assembly
- Completed reload, in  0.643 seconds
Platform modules already initialized, skipping
Refreshing native plugins compatible for Editor in 0.31 ms, found 0 plugins.
Preloading 0 native plugins for Editor in 0.00 ms.
Unloading 1451 Unused Serialized files (Serialized files now loaded: 0)
System memory in use before: 73.5 MB.
System memory in use after: 73.6 MB.

Unloading 5 unused Assets to reduce memory usage. Loaded Objects now: 1987.
Total: 1.846000 ms (FindLiveObjects: 0.190500 ms CreateObjectMapping: 0.036700 ms MarkObjects: 1.535200 ms  DeleteObjects: 0.082100 ms)

AssetImportWorkerClient::OnTransportError - code=2 error=End of file
